<?xml version="1.0" encoding="UTF-8"?>
<!-- Generated by org.testng.reporters.JUnitReportReporter -->
<testsuite skipped="0" hostname="DESKTOP-FV0I4VU" name="practise.AppiumFramework.ApiDemoTest" tests="2" failures="0" timestamp="17 Jun 2019 22:00:35 GMT" time="72.947" errors="0">
  <testcase name="apiDemoTest" time="37.761" classname="practise.AppiumFramework.ApiDemoTest"/>
  <testcase name="apiDemoTest" time="35.186" classname="practise.AppiumFramework.ApiDemoTest"/>
</testsuite> <!-- practise.AppiumFramework.ApiDemoTest -->
