<?xml version="1.0" encoding="UTF-8"?>
<!-- Generated by org.testng.reporters.JUnitReportReporter -->
<testsuite skipped="0" hostname="DESKTOP-FV0I4VU" name="practise.AppiumFramework.Ecommerce_tc_4" tests="1" failures="0" timestamp="17 Jun 2019 22:00:35 GMT" time="50.649" errors="0">
  <testcase name="totalValidation" time="50.649" classname="practise.AppiumFramework.Ecommerce_tc_4"/>
</testsuite> <!-- practise.AppiumFramework.Ecommerce_tc_4 -->
